This file contains any messages produced by compilers while
running configure, to aid debugging if configure makes a mistake.

It was created by io_lib configure 1.14.9, which was
generated by GNU Autoconf 2.69.  Invocation command line was

  $ ./configure CFLAGS=-O3 CPPFLAGS=-O3 --prefix=/home/mostafa/Documents/SHGP/icram/ioncram-2.2/src/io_lib//build/

## --------- ##
## Platform. ##
## --------- ##

hostname = mostafa-IdeaPad-U410
uname -m = x86_64
uname -r = 4.15.0-37-generic
uname -s = Linux
uname -v = #40-Ubuntu SMP Tue Oct 2 15:36:54 UTC 2018

/usr/bin/uname -p = unknown
/bin/uname -X     = unknown

/bin/arch              = unknown
/usr/bin/arch -k       = unknown
/usr/convex/getsysinfo = unknown
/usr/bin/hostinfo      = unknown
/bin/machine           = unknown
/usr/bin/oslevel       = unknown
/bin/universe          = unknown

PATH: /home/mostafa/.linuxbrew/bin
PATH: /usr/local/heroku/bin
PATH: /home/mostafa/.rvm/gems/ruby-2.0.0-p353/bin
PATH: /home/mostafa/.rvm/gems/ruby-2.0.0-p353@global/bin
PATH: /home/mostafa/.rvm/rubies/ruby-2.0.0-p353/bin
PATH: /home/mostafa/.rvm/bin
PATH: /home/mostafa/.linuxbrew/bin
PATH: /usr/local/heroku/bin
PATH: /usr/local/sbin
PATH: /usr/local/bin
PATH: /usr/sbin
PATH: /usr/bin
PATH: /sbin
PATH: /bin
PATH: /usr/games
PATH: /usr/local/games
PATH: /snap/bin
PATH: /home/mostafa/Intel/bin/
PATH: /home/mostafa/.rvm/bin
PATH: /home/mostafa/Intel/bin/


## ----------- ##
## Core tests. ##
## ----------- ##

configure:2538: checking for a BSD-compatible install
configure:2606: result: /usr/bin/install -c
configure:2617: checking whether build environment is sane
configure:2672: result: yes
configure:2823: checking for a thread-safe mkdir -p
configure:2862: result: /bin/mkdir -p
configure:2869: checking for gawk
configure:2885: found /usr/bin/gawk
configure:2896: result: gawk
configure:2907: checking whether make sets $(MAKE)
configure:2929: result: yes
configure:2958: checking whether make supports nested variables
configure:2975: result: yes
configure:3102: checking whether to enable maintainer-specific portions of Makefiles
configure:3111: result: no
configure:3229: checking for gcc
configure:3245: found /usr/bin/gcc
configure:3256: result: gcc
configure:3485: checking for C compiler version
configure:3494: gcc --version >&5
gcc (Ubuntu 7.3.0-27ubuntu1~18.04) 7.3.0
Copyright (C) 2017 Free Software Foundation, Inc.
This is free software; see the source for copying conditions.  There is NO
warranty; not even for MERCHANTABILITY or FITNESS FOR A PARTICULAR PURPOSE.

configure:3505: $? = 0
configure:3494: gcc -v >&5
Using built-in specs.
COLLECT_GCC=gcc
COLLECT_LTO_WRAPPER=/usr/lib/gcc/x86_64-linux-gnu/7/lto-wrapper
OFFLOAD_TARGET_NAMES=nvptx-none
OFFLOAD_TARGET_DEFAULT=1
Target: x86_64-linux-gnu
Configured with: ../src/configure -v --with-pkgversion='Ubuntu 7.3.0-27ubuntu1~18.04' --with-bugurl=file:///usr/share/doc/gcc-7/README.Bugs --enable-languages=c,ada,c++,go,brig,d,fortran,objc,obj-c++ --prefix=/usr --with-gcc-major-version-only --program-suffix=-7 --program-prefix=x86_64-linux-gnu- --enable-shared --enable-linker-build-id --libexecdir=/usr/lib --without-included-gettext --enable-threads=posix --libdir=/usr/lib --enable-nls --with-sysroot=/ --enable-clocale=gnu --enable-libstdcxx-debug --enable-libstdcxx-time=yes --with-default-libstdcxx-abi=new --enable-gnu-unique-object --disable-vtable-verify --enable-libmpx --enable-plugin --enable-default-pie --with-system-zlib --with-target-system-zlib --enable-objc-gc=auto --enable-multiarch --disable-werror --with-arch-32=i686 --with-abi=m64 --with-multilib-list=m32,m64,mx32 --enable-multilib --with-tune=generic --enable-offload-targets=nvptx-none --without-cuda-driver --enable-checking=release --build=x86_64-linux-gnu --host=x86_64-linux-gnu --target=x86_64-linux-gnu
Thread model: posix
gcc version 7.3.0 (Ubuntu 7.3.0-27ubuntu1~18.04) 
configure:3505: $? = 0
configure:3494: gcc -V >&5
gcc: error: unrecognized command line option '-V'
gcc: fatal error: no input files
compilation terminated.
configure:3505: $? = 1
configure:3494: gcc -qversion >&5
gcc: error: unrecognized command line option '-qversion'; did you mean '--version'?
gcc: fatal error: no input files
compilation terminated.
configure:3505: $? = 1
configure:3525: checking whether the C compiler works
configure:3547: gcc -O3 -O3  conftest.c  >&5
configure:3551: $? = 0
configure:3599: result: yes
configure:3602: checking for C compiler default output file name
configure:3604: result: a.out
configure:3610: checking for suffix of executables
configure:3617: gcc -o conftest -O3 -O3  conftest.c  >&5
configure:3621: $? = 0
configure:3643: result: 
configure:3665: checking whether we are cross compiling
configure:3673: gcc -o conftest -O3 -O3  conftest.c  >&5
configure:3677: $? = 0
configure:3684: ./conftest
configure:3688: $? = 0
configure:3703: result: no
configure:3708: checking for suffix of object files
configure:3730: gcc -c -O3 -O3 conftest.c >&5
configure:3734: $? = 0
configure:3755: result: o
configure:3759: checking whether we are using the GNU C compiler
configure:3778: gcc -c -O3 -O3 conftest.c >&5
configure:3778: $? = 0
configure:3787: result: yes
configure:3796: checking whether gcc accepts -g
configure:3816: gcc -c -g -O3 conftest.c >&5
configure:3816: $? = 0
configure:3857: result: yes
configure:3874: checking for gcc option to accept ISO C89
configure:3937: gcc  -c -O3 -O3 conftest.c >&5
configure:3937: $? = 0
configure:3950: result: none needed
configure:3975: checking whether gcc understands -c and -o together
configure:3997: gcc -c conftest.c -o conftest2.o
configure:4000: $? = 0
configure:3997: gcc -c conftest.c -o conftest2.o
configure:4000: $? = 0
configure:4012: result: yes
configure:4040: checking for style of include used by make
configure:4068: result: GNU
configure:4094: checking dependency style of gcc
configure:4205: result: gcc3
configure:4250: checking build system type
configure:4264: result: x86_64-pc-linux-gnu
configure:4284: checking host system type
configure:4297: result: x86_64-pc-linux-gnu
configure:4338: checking how to print strings
configure:4365: result: printf
configure:4386: checking for a sed that does not truncate output
configure:4450: result: /bin/sed
configure:4468: checking for grep that handles long lines and -e
configure:4526: result: /bin/grep
configure:4531: checking for egrep
configure:4593: result: /bin/grep -E
configure:4598: checking for fgrep
configure:4660: result: /bin/grep -F
configure:4695: checking for ld used by gcc
configure:4762: result: /usr/bin/ld
configure:4769: checking if the linker (/usr/bin/ld) is GNU ld
configure:4784: result: yes
configure:4796: checking for BSD- or MS-compatible name lister (nm)
configure:4850: result: /usr/bin/nm -B
configure:4980: checking the name lister (/usr/bin/nm -B) interface
configure:4987: gcc -c -O3 -O3 conftest.c >&5
configure:4990: /usr/bin/nm -B "conftest.o"
configure:4993: output
0000000000000000 B some_variable
configure:5000: result: BSD nm
configure:5003: checking whether ln -s works
configure:5007: result: yes
configure:5015: checking the maximum length of command line arguments
configure:5146: result: 1572864
configure:5194: checking how to convert x86_64-pc-linux-gnu file names to x86_64-pc-linux-gnu format
configure:5234: result: func_convert_file_noop
configure:5241: checking how to convert x86_64-pc-linux-gnu file names to toolchain format
configure:5261: result: func_convert_file_noop
configure:5268: checking for /usr/bin/ld option to reload object files
configure:5275: result: -r
configure:5349: checking for objdump
configure:5365: found /usr/bin/objdump
configure:5376: result: objdump
configure:5408: checking how to recognize dependent libraries
configure:5608: result: pass_all
configure:5693: checking for dlltool
configure:5723: result: no
configure:5753: checking how to associate runtime and link libraries
configure:5780: result: printf %s\n
configure:5841: checking for ar
configure:5857: found /usr/bin/ar
configure:5868: result: ar
configure:5905: checking for archiver @FILE support
configure:5922: gcc -c -O3 -O3 conftest.c >&5
configure:5922: $? = 0
configure:5925: ar cru libconftest.a @conftest.lst >&5
ar: `u' modifier ignored since `D' is the default (see `U')
configure:5928: $? = 0
configure:5933: ar cru libconftest.a @conftest.lst >&5
ar: `u' modifier ignored since `D' is the default (see `U')
ar: conftest.o: No such file or directory
configure:5936: $? = 1
configure:5948: result: @
configure:6006: checking for strip
configure:6022: found /usr/bin/strip
configure:6033: result: strip
configure:6105: checking for ranlib
configure:6121: found /usr/bin/ranlib
configure:6132: result: ranlib
configure:6234: checking command to parse /usr/bin/nm -B output from gcc object
configure:6387: gcc -c -O3 -O3 conftest.c >&5
configure:6390: $? = 0
configure:6394: /usr/bin/nm -B conftest.o \| sed -n -e 's/^.*[ ]\([ABCDGIRSTW][ABCDGIRSTW]*\)[ ][ ]*\([_A-Za-z][_A-Za-z0-9]*\)$/\1 \2 \2/p' | sed '/ __gnu_lto/d' \> conftest.nm
configure:6397: $? = 0
configure:6463: gcc -o conftest -O3 -O3  conftest.c conftstm.o >&5
configure:6466: $? = 0
configure:6504: result: ok
configure:6551: checking for sysroot
configure:6581: result: no
configure:6588: checking for a working dd
configure:6626: result: /bin/dd
configure:6630: checking how to truncate binary pipes
configure:6645: result: /bin/dd bs=4096 count=1
configure:6781: gcc -c -O3 -O3 conftest.c >&5
configure:6784: $? = 0
configure:6974: checking for mt
configure:6990: found /bin/mt
configure:7001: result: mt
configure:7024: checking if mt is a manifest tool
configure:7030: mt '-?'
configure:7038: result: no
configure:7715: checking how to run the C preprocessor
configure:7746: gcc -E -O3 conftest.c
configure:7746: $? = 0
configure:7760: gcc -E -O3 conftest.c
conftest.c:11:10: fatal error: ac_nonexistent.h: No such file or directory
 #include <ac_nonexistent.h>
          ^~~~~~~~~~~~~~~~~~
compilation terminated.
configure:7760: $? = 1
configure: failed program was:
| /* confdefs.h */
| #define PACKAGE_NAME "io_lib"
| #define PACKAGE_TARNAME "io_lib"
| #define PACKAGE_VERSION "1.14.9"
| #define PACKAGE_STRING "io_lib 1.14.9"
| #define PACKAGE_BUGREPORT ""
| #define PACKAGE_URL ""
| #define PACKAGE "io_lib"
| #define VERSION "1.14.9"
| /* end confdefs.h.  */
| #include <ac_nonexistent.h>
configure:7785: result: gcc -E
configure:7805: gcc -E -O3 conftest.c
configure:7805: $? = 0
configure:7819: gcc -E -O3 conftest.c
conftest.c:11:10: fatal error: ac_nonexistent.h: No such file or directory
 #include <ac_nonexistent.h>
          ^~~~~~~~~~~~~~~~~~
compilation terminated.
configure:7819: $? = 1
configure: failed program was:
| /* confdefs.h */
| #define PACKAGE_NAME "io_lib"
| #define PACKAGE_TARNAME "io_lib"
| #define PACKAGE_VERSION "1.14.9"
| #define PACKAGE_STRING "io_lib 1.14.9"
| #define PACKAGE_BUGREPORT ""
| #define PACKAGE_URL ""
| #define PACKAGE "io_lib"
| #define VERSION "1.14.9"
| /* end confdefs.h.  */
| #include <ac_nonexistent.h>
configure:7848: checking for ANSI C header files
configure:7868: gcc -c -O3 -O3 conftest.c >&5
configure:7868: $? = 0
configure:7941: gcc -o conftest -O3 -O3  conftest.c  >&5
configure:7941: $? = 0
configure:7941: ./conftest
configure:7941: $? = 0
configure:7952: result: yes
configure:7965: checking for sys/types.h
configure:7965: gcc -c -O3 -O3 conftest.c >&5
configure:7965: $? = 0
configure:7965: result: yes
configure:7965: checking for sys/stat.h
configure:7965: gcc -c -O3 -O3 conftest.c >&5
configure:7965: $? = 0
configure:7965: result: yes
configure:7965: checking for stdlib.h
configure:7965: gcc -c -O3 -O3 conftest.c >&5
configure:7965: $? = 0
configure:7965: result: yes
configure:7965: checking for string.h
configure:7965: gcc -c -O3 -O3 conftest.c >&5
configure:7965: $? = 0
configure:7965: result: yes
configure:7965: checking for memory.h
configure:7965: gcc -c -O3 -O3 conftest.c >&5
configure:7965: $? = 0
configure:7965: result: yes
configure:7965: checking for strings.h
configure:7965: gcc -c -O3 -O3 conftest.c >&5
configure:7965: $? = 0
configure:7965: result: yes
configure:7965: checking for inttypes.h
configure:7965: gcc -c -O3 -O3 conftest.c >&5
configure:7965: $? = 0
configure:7965: result: yes
configure:7965: checking for stdint.h
configure:7965: gcc -c -O3 -O3 conftest.c >&5
configure:7965: $? = 0
configure:7965: result: yes
configure:7965: checking for unistd.h
configure:7965: gcc -c -O3 -O3 conftest.c >&5
configure:7965: $? = 0
configure:7965: result: yes
configure:7979: checking for dlfcn.h
configure:7979: gcc -c -O3 -O3 conftest.c >&5
configure:7979: $? = 0
configure:7979: result: yes
configure:8235: checking for objdir
configure:8250: result: .libs
configure:8510: checking if gcc supports -fno-rtti -fno-exceptions
configure:8528: gcc -c -O3 -O3 -fno-rtti -fno-exceptions conftest.c >&5
cc1: warning: command line option '-fno-rtti' is valid for C++/ObjC++ but not for C
configure:8532: $? = 0
configure:8545: result: no
configure:8903: checking for gcc option to produce PIC
configure:8910: result: -fPIC -DPIC
configure:8918: checking if gcc PIC flag -fPIC -DPIC works
configure:8936: gcc -c -O3 -O3 -fPIC -DPIC -DPIC conftest.c >&5
configure:8940: $? = 0
configure:8953: result: yes
configure:8982: checking if gcc static flag -static works
configure:9010: result: yes
configure:9025: checking if gcc supports -c -o file.o
configure:9046: gcc -c -O3 -O3 -o out/conftest2.o conftest.c >&5
configure:9050: $? = 0
configure:9072: result: yes
configure:9080: checking if gcc supports -c -o file.o
configure:9127: result: yes
configure:9160: checking whether the gcc linker (/usr/bin/ld -m elf_x86_64) supports shared libraries
configure:10423: result: yes
configure:10460: checking whether -lc should be explicitly linked in
configure:10468: gcc -c -O3 -O3 conftest.c >&5
configure:10471: $? = 0
configure:10486: gcc -shared  -fPIC -DPIC conftest.o  -v -Wl,-soname -Wl,conftest -o conftest 2\>\&1 \| /bin/grep  -lc  \>/dev/null 2\>\&1
configure:10489: $? = 0
configure:10503: result: no
configure:10663: checking dynamic linker characteristics
configure:11244: gcc -o conftest -O3 -O3  -Wl,-rpath -Wl,/foo conftest.c  >&5
configure:11244: $? = 0
configure:11493: result: GNU/Linux ld.so
configure:11615: checking how to hardcode library paths into programs
configure:11640: result: immediate
configure:12188: checking whether stripping libraries is possible
configure:12193: result: yes
configure:12228: checking if libtool supports shared libraries
configure:12230: result: yes
configure:12233: checking whether to build shared libraries
configure:12258: result: yes
configure:12261: checking whether to build static libraries
configure:12265: result: yes
configure:12328: checking for grep that handles long lines and -e
configure:12386: result: /bin/grep
configure:12399: checking for C compiler warning flags
configure:12497: result: -Wall
configure:12541: checking for gawk
configure:12568: result: gawk
configure:12630: checking for curl-config
configure:12648: found /usr/bin/curl-config
configure:12660: result: /usr/bin/curl-config
configure:12671: checking for the version of libcurl
configure:12678: result: 7.58.0
configure:12712: checking whether libcurl just needs -lcurl
configure:12745: gcc -o conftest -Wall -O3  -O3  conftest.c  -lcurl  >&5
conftest.c: In function 'main':
conftest.c:30:5: warning: variable 'x' set but not used [-Wunused-but-set-variable]
 int x;
     ^
configure:12745: $? = 0
configure:12759: result: yes
configure:12797: checking whether libcurl is usable
configure:12830: gcc -o conftest -Wall -O3  -O3  conftest.c  -lcurl  >&5
conftest.c: In function 'main':
conftest.c:30:5: warning: variable 'x' set but not used [-Wunused-but-set-variable]
 int x;
     ^
configure:12830: $? = 0
configure:12844: result: yes
configure:12857: checking for curl_free
configure:12857: gcc -o conftest -Wall -O3 -O3   conftest.c   -lcurl >&5
configure:12857: $? = 0
configure:12857: result: yes
configure:13035: checking for inflateEnd in -lz
configure:13060: gcc -o conftest -Wall -O3 -O3  conftest.c -lz   >&5
configure:13060: $? = 0
configure:13069: result: yes
configure:13072: checking zlib.h usability
configure:13072: gcc -c -Wall -O3 -O3 conftest.c >&5
configure:13072: $? = 0
configure:13072: result: yes
configure:13072: checking zlib.h presence
configure:13072: gcc -E -O3 conftest.c
configure:13072: $? = 0
configure:13072: result: yes
configure:13072: checking for zlib.h
configure:13072: result: yes
configure:13113: checking for library containing gethostbyname
configure:13144: gcc -o conftest -Wall -O3 -O3  conftest.c  >&5
configure:13144: $? = 0
configure:13161: result: none required
configure:13169: checking for library containing socket
configure:13200: gcc -o conftest -Wall -O3 -O3  conftest.c  >&5
configure:13200: $? = 0
configure:13217: result: none required
configure:13267: checking for BZ2_bzBuffToBuffCompress in -lbz2
configure:13292: gcc -o conftest -Wall -O3 -O3  conftest.c -lbz2   >&5
configure:13292: $? = 0
configure:13301: result: yes
configure:13312: checking for lzma_easy_buffer_encode in -llzma
configure:13337: gcc -o conftest -Wall -O3 -O3  conftest.c -llzma  -lbz2  >&5
configure:13337: $? = 0
configure:13346: result: yes
configure:13357: checking whether byte ordering is bigendian
configure:13372: gcc -c -Wall -O3 -O3 conftest.c >&5
conftest.c:64:9: error: unknown type name 'not'
         not a universal capable compiler
         ^~~
conftest.c:64:15: error: expected '=', ',', ';', 'asm' or '__attribute__' before 'universal'
         not a universal capable compiler
               ^~~~~~~~~
conftest.c:64:15: error: unknown type name 'universal'
configure:13372: $? = 1
configure: failed program was:
| /* confdefs.h */
| #define PACKAGE_NAME "io_lib"
| #define PACKAGE_TARNAME "io_lib"
| #define PACKAGE_VERSION "1.14.9"
| #define PACKAGE_STRING "io_lib 1.14.9"
| #define PACKAGE_BUGREPORT ""
| #define PACKAGE_URL ""
| #define PACKAGE "io_lib"
| #define VERSION "1.14.9"
| #define STDC_HEADERS 1
| #define HAVE_SYS_TYPES_H 1
| #define HAVE_SYS_STAT_H 1
| #define HAVE_STDLIB_H 1
| #define HAVE_STRING_H 1
| #define HAVE_MEMORY_H 1
| #define HAVE_STRINGS_H 1
| #define HAVE_INTTYPES_H 1
| #define HAVE_STDINT_H 1
| #define HAVE_UNISTD_H 1
| #define HAVE_DLFCN_H 1
| #define LT_OBJDIR ".libs/"
| #define HAVE_LIBCURL 1
| #define LIBCURL_FEATURE_SSL 1
| #define LIBCURL_FEATURE_IPV6 1
| #define LIBCURL_FEATURE_UNIXSOCKETS 1
| #define LIBCURL_FEATURE_LIBZ 1
| #define LIBCURL_FEATURE_ASYNCHDNS 1
| #define LIBCURL_FEATURE_IDN 1
| #define LIBCURL_FEATURE_GSS_API 1
| #define LIBCURL_FEATURE_PSL 1
| #define LIBCURL_FEATURE_SPNEGO 1
| #define LIBCURL_FEATURE_KERBEROS 1
| #define LIBCURL_FEATURE_NTLM 1
| #define LIBCURL_FEATURE_NTLM_WB 1
| #define LIBCURL_FEATURE_TLS_SRP 1
| #define LIBCURL_FEATURE_HTTP2 1
| #define LIBCURL_FEATURE_HTTPS_PROXY 1
| #define LIBCURL_PROTOCOL_DICT 1
| #define LIBCURL_PROTOCOL_FILE 1
| #define LIBCURL_PROTOCOL_FTP 1
| #define LIBCURL_PROTOCOL_FTPS 1
| #define LIBCURL_PROTOCOL_GOPHER 1
| #define LIBCURL_PROTOCOL_HTTP 1
| #define LIBCURL_PROTOCOL_HTTPS 1
| #define LIBCURL_PROTOCOL_IMAP 1
| #define LIBCURL_PROTOCOL_IMAPS 1
| #define LIBCURL_PROTOCOL_LDAP 1
| #define LIBCURL_PROTOCOL_LDAPS 1
| #define LIBCURL_PROTOCOL_POP3 1
| #define LIBCURL_PROTOCOL_POP3S 1
| #define LIBCURL_PROTOCOL_RTMP 1
| #define LIBCURL_PROTOCOL_RTSP 1
| #define LIBCURL_PROTOCOL_SMB 1
| #define LIBCURL_PROTOCOL_SMBS 1
| #define LIBCURL_PROTOCOL_SMTP 1
| #define LIBCURL_PROTOCOL_SMTPS 1
| #define LIBCURL_PROTOCOL_TELNET 1
| #define LIBCURL_PROTOCOL_TFTP 1
| #define HAVE_ZLIB 1
| #define HAVE_LIBBZ2 1
| #define HAVE_LIBLZMA 1
| /* end confdefs.h.  */
| #ifndef __APPLE_CC__
| 	       not a universal capable compiler
| 	     #endif
| 	     typedef int dummy;
| 
configure:13417: gcc -c -Wall -O3 -O3 conftest.c >&5
configure:13417: $? = 0
configure:13435: gcc -c -Wall -O3 -O3 conftest.c >&5
conftest.c: In function 'main':
conftest.c:70:4: error: unknown type name 'not'; did you mean 'ino_t'?
    not big endian
    ^~~
    ino_t
conftest.c:70:12: error: expected '=', ',', ';', 'asm' or '__attribute__' before 'endian'
    not big endian
            ^~~~~~
configure:13435: $? = 1
configure: failed program was:
| /* confdefs.h */
| #define PACKAGE_NAME "io_lib"
| #define PACKAGE_TARNAME "io_lib"
| #define PACKAGE_VERSION "1.14.9"
| #define PACKAGE_STRING "io_lib 1.14.9"
| #define PACKAGE_BUGREPORT ""
| #define PACKAGE_URL ""
| #define PACKAGE "io_lib"
| #define VERSION "1.14.9"
| #define STDC_HEADERS 1
| #define HAVE_SYS_TYPES_H 1
| #define HAVE_SYS_STAT_H 1
| #define HAVE_STDLIB_H 1
| #define HAVE_STRING_H 1
| #define HAVE_MEMORY_H 1
| #define HAVE_STRINGS_H 1
| #define HAVE_INTTYPES_H 1
| #define HAVE_STDINT_H 1
| #define HAVE_UNISTD_H 1
| #define HAVE_DLFCN_H 1
| #define LT_OBJDIR ".libs/"
| #define HAVE_LIBCURL 1
| #define LIBCURL_FEATURE_SSL 1
| #define LIBCURL_FEATURE_IPV6 1
| #define LIBCURL_FEATURE_UNIXSOCKETS 1
| #define LIBCURL_FEATURE_LIBZ 1
| #define LIBCURL_FEATURE_ASYNCHDNS 1
| #define LIBCURL_FEATURE_IDN 1
| #define LIBCURL_FEATURE_GSS_API 1
| #define LIBCURL_FEATURE_PSL 1
| #define LIBCURL_FEATURE_SPNEGO 1
| #define LIBCURL_FEATURE_KERBEROS 1
| #define LIBCURL_FEATURE_NTLM 1
| #define LIBCURL_FEATURE_NTLM_WB 1
| #define LIBCURL_FEATURE_TLS_SRP 1
| #define LIBCURL_FEATURE_HTTP2 1
| #define LIBCURL_FEATURE_HTTPS_PROXY 1
| #define LIBCURL_PROTOCOL_DICT 1
| #define LIBCURL_PROTOCOL_FILE 1
| #define LIBCURL_PROTOCOL_FTP 1
| #define LIBCURL_PROTOCOL_FTPS 1
| #define LIBCURL_PROTOCOL_GOPHER 1
| #define LIBCURL_PROTOCOL_HTTP 1
| #define LIBCURL_PROTOCOL_HTTPS 1
| #define LIBCURL_PROTOCOL_IMAP 1
| #define LIBCURL_PROTOCOL_IMAPS 1
| #define LIBCURL_PROTOCOL_LDAP 1
| #define LIBCURL_PROTOCOL_LDAPS 1
| #define LIBCURL_PROTOCOL_POP3 1
| #define LIBCURL_PROTOCOL_POP3S 1
| #define LIBCURL_PROTOCOL_RTMP 1
| #define LIBCURL_PROTOCOL_RTSP 1
| #define LIBCURL_PROTOCOL_SMB 1
| #define LIBCURL_PROTOCOL_SMBS 1
| #define LIBCURL_PROTOCOL_SMTP 1
| #define LIBCURL_PROTOCOL_SMTPS 1
| #define LIBCURL_PROTOCOL_TELNET 1
| #define LIBCURL_PROTOCOL_TFTP 1
| #define HAVE_ZLIB 1
| #define HAVE_LIBBZ2 1
| #define HAVE_LIBLZMA 1
| /* end confdefs.h.  */
| #include <sys/types.h>
| 		#include <sys/param.h>
| 
| int
| main ()
| {
| #if BYTE_ORDER != BIG_ENDIAN
| 		 not big endian
| 		#endif
| 
|   ;
|   return 0;
| }
configure:13563: result: no
configure:13603: gcc -o conftest -Wall -O3 -O3  conftest.c -llzma -lbz2  >&5
configure:13603: $? = 0
configure:13617: checking for ANSI C header files
configure:13721: result: yes
configure:13729: checking for sys/wait.h that is POSIX.1 compatible
configure:13755: gcc -c -Wall -O3 -O3 conftest.c >&5
configure:13755: $? = 0
configure:13762: result: yes
configure:13773: checking fcntl.h usability
configure:13773: gcc -c -Wall -O3 -O3 conftest.c >&5
configure:13773: $? = 0
configure:13773: result: yes
configure:13773: checking fcntl.h presence
configure:13773: gcc -E -O3 conftest.c
configure:13773: $? = 0
configure:13773: result: yes
configure:13773: checking for fcntl.h
configure:13773: result: yes
configure:13773: checking limits.h usability
configure:13773: gcc -c -Wall -O3 -O3 conftest.c >&5
configure:13773: $? = 0
configure:13773: result: yes
configure:13773: checking limits.h presence
configure:13773: gcc -E -O3 conftest.c
configure:13773: $? = 0
configure:13773: result: yes
configure:13773: checking for limits.h
configure:13773: result: yes
configure:13773: checking for unistd.h
configure:13773: result: yes
configure:13773: checking malloc.h usability
configure:13773: gcc -c -Wall -O3 -O3 conftest.c >&5
configure:13773: $? = 0
configure:13773: result: yes
configure:13773: checking malloc.h presence
configure:13773: gcc -E -O3 conftest.c
configure:13773: $? = 0
configure:13773: result: yes
configure:13773: checking for malloc.h
configure:13773: result: yes
configure:13783: checking for zlib.h
configure:13783: result: yes
configure:13789: checking stdio_ext.h usability
configure:13789: gcc -c -Wall -O3 -O3 conftest.c >&5
configure:13789: $? = 0
configure:13789: result: yes
configure:13789: checking stdio_ext.h presence
configure:13789: gcc -E -O3 conftest.c
configure:13789: $? = 0
configure:13789: result: yes
configure:13789: checking for stdio_ext.h
configure:13789: result: yes
configure:13798: checking whether byte ordering is bigendian
configure:14004: result: no
configure:14026: checking size of short
configure:14031: gcc -o conftest -Wall -O3 -O3  conftest.c -llzma -lbz2  >&5
configure:14031: $? = 0
configure:14031: ./conftest
configure:14031: $? = 0
configure:14045: result: 2
configure:14059: checking size of int
configure:14064: gcc -o conftest -Wall -O3 -O3  conftest.c -llzma -lbz2  >&5
configure:14064: $? = 0
configure:14064: ./conftest
configure:14064: $? = 0
configure:14078: result: 4
configure:14092: checking size of long
configure:14097: gcc -o conftest -Wall -O3 -O3  conftest.c -llzma -lbz2  >&5
configure:14097: $? = 0
configure:14097: ./conftest
configure:14097: $? = 0
configure:14111: result: 8
configure:14121: checking for inline
configure:14137: gcc -c -Wall -O3 -O3 conftest.c >&5
configure:14137: $? = 0
configure:14145: result: inline
configure:14163: checking for mode_t
configure:14163: gcc -c -Wall -O3 -O3 conftest.c >&5
configure:14163: $? = 0
configure:14163: gcc -c -Wall -O3 -O3 conftest.c >&5
conftest.c: In function 'main':
conftest.c:109:21: error: expected expression before ')' token
 if (sizeof ((mode_t)))
                     ^
configure:14163: $? = 1
configure: failed program was:
| /* confdefs.h */
| #define PACKAGE_NAME "io_lib"
| #define PACKAGE_TARNAME "io_lib"
| #define PACKAGE_VERSION "1.14.9"
| #define PACKAGE_STRING "io_lib 1.14.9"
| #define PACKAGE_BUGREPORT ""
| #define PACKAGE_URL ""
| #define PACKAGE "io_lib"
| #define VERSION "1.14.9"
| #define STDC_HEADERS 1
| #define HAVE_SYS_TYPES_H 1
| #define HAVE_SYS_STAT_H 1
| #define HAVE_STDLIB_H 1
| #define HAVE_STRING_H 1
| #define HAVE_MEMORY_H 1
| #define HAVE_STRINGS_H 1
| #define HAVE_INTTYPES_H 1
| #define HAVE_STDINT_H 1
| #define HAVE_UNISTD_H 1
| #define HAVE_DLFCN_H 1
| #define LT_OBJDIR ".libs/"
| #define HAVE_LIBCURL 1
| #define LIBCURL_FEATURE_SSL 1
| #define LIBCURL_FEATURE_IPV6 1
| #define LIBCURL_FEATURE_UNIXSOCKETS 1
| #define LIBCURL_FEATURE_LIBZ 1
| #define LIBCURL_FEATURE_ASYNCHDNS 1
| #define LIBCURL_FEATURE_IDN 1
| #define LIBCURL_FEATURE_GSS_API 1
| #define LIBCURL_FEATURE_PSL 1
| #define LIBCURL_FEATURE_SPNEGO 1
| #define LIBCURL_FEATURE_KERBEROS 1
| #define LIBCURL_FEATURE_NTLM 1
| #define LIBCURL_FEATURE_NTLM_WB 1
| #define LIBCURL_FEATURE_TLS_SRP 1
| #define LIBCURL_FEATURE_HTTP2 1
| #define LIBCURL_FEATURE_HTTPS_PROXY 1
| #define LIBCURL_PROTOCOL_DICT 1
| #define LIBCURL_PROTOCOL_FILE 1
| #define LIBCURL_PROTOCOL_FTP 1
| #define LIBCURL_PROTOCOL_FTPS 1
| #define LIBCURL_PROTOCOL_GOPHER 1
| #define LIBCURL_PROTOCOL_HTTP 1
| #define LIBCURL_PROTOCOL_HTTPS 1
| #define LIBCURL_PROTOCOL_IMAP 1
| #define LIBCURL_PROTOCOL_IMAPS 1
| #define LIBCURL_PROTOCOL_LDAP 1
| #define LIBCURL_PROTOCOL_LDAPS 1
| #define LIBCURL_PROTOCOL_POP3 1
| #define LIBCURL_PROTOCOL_POP3S 1
| #define LIBCURL_PROTOCOL_RTMP 1
| #define LIBCURL_PROTOCOL_RTSP 1
| #define LIBCURL_PROTOCOL_SMB 1
| #define LIBCURL_PROTOCOL_SMBS 1
| #define LIBCURL_PROTOCOL_SMTP 1
| #define LIBCURL_PROTOCOL_SMTPS 1
| #define LIBCURL_PROTOCOL_TELNET 1
| #define LIBCURL_PROTOCOL_TFTP 1
| #define HAVE_ZLIB 1
| #define HAVE_LIBBZ2 1
| #define HAVE_LIBLZMA 1
| #define HAVE_VA_COPY 1
| #define STDC_HEADERS 1
| #define HAVE_SYS_WAIT_H 1
| #define HAVE_FCNTL_H 1
| #define HAVE_LIMITS_H 1
| #define HAVE_UNISTD_H 1
| #define HAVE_MALLOC_H 1
| #define SIZEOF_SHORT 2
| #define SIZEOF_INT 4
| #define SIZEOF_LONG 8
| /* end confdefs.h.  */
| #include <stdio.h>
| #ifdef HAVE_SYS_TYPES_H
| # include <sys/types.h>
| #endif
| #ifdef HAVE_SYS_STAT_H
| # include <sys/stat.h>
| #endif
| #ifdef STDC_HEADERS
| # include <stdlib.h>
| # include <stddef.h>
| #else
| # ifdef HAVE_STDLIB_H
| #  include <stdlib.h>
| # endif
| #endif
| #ifdef HAVE_STRING_H
| # if !defined STDC_HEADERS && defined HAVE_MEMORY_H
| #  include <memory.h>
| # endif
| # include <string.h>
| #endif
| #ifdef HAVE_STRINGS_H
| # include <strings.h>
| #endif
| #ifdef HAVE_INTTYPES_H
| # include <inttypes.h>
| #endif
| #ifdef HAVE_STDINT_H
| # include <stdint.h>
| #endif
| #ifdef HAVE_UNISTD_H
| # include <unistd.h>
| #endif
| int
| main ()
| {
| if (sizeof ((mode_t)))
| 	    return 0;
|   ;
|   return 0;
| }
configure:14163: result: yes
configure:14203: checking for fileno
configure:14203: gcc -o conftest -Wall -O3 -O3  conftest.c -llzma -lbz2  >&5
configure:14203: $? = 0
configure:14203: result: yes
configure:14214: checking for fstat
configure:14214: gcc -o conftest -Wall -O3 -O3  conftest.c -llzma -lbz2  >&5
configure:14214: $? = 0
configure:14214: result: yes
configure:14225: checking for mallopt
configure:14225: gcc -o conftest -Wall -O3 -O3  conftest.c -llzma -lbz2  >&5
configure:14225: $? = 0
configure:14225: result: yes
configure:14242: checking for special C compiler options needed for large files
configure:14287: result: no
configure:14293: checking for _FILE_OFFSET_BITS value needed for large files
configure:14318: gcc -c -Wall -O3 -O3 conftest.c >&5
configure:14318: $? = 0
configure:14350: result: no
configure:14435: checking for _LARGEFILE_SOURCE value needed for large files
configure:14454: gcc -o conftest -Wall -O3 -O3  conftest.c -llzma -lbz2  >&5
configure:14454: $? = 0
configure:14482: result: no
configure:14510: checking for stdlib.h
configure:14510: result: yes
configure:14510: checking for unistd.h
configure:14510: result: yes
configure:14510: checking for sys/param.h
configure:14510: gcc -c -Wall -O3 -O3 conftest.c >&5
configure:14510: $? = 0
configure:14510: result: yes
configure:14530: checking for getpagesize
configure:14530: gcc -o conftest -Wall -O3 -O3  conftest.c -llzma -lbz2  >&5
configure:14530: $? = 0
configure:14530: result: yes
configure:14539: checking for working mmap
configure:14688: gcc -o conftest -Wall -O3 -O3  conftest.c -llzma -lbz2  >&5
configure:14688: $? = 0
configure:14688: ./conftest
configure:14688: $? = 0
configure:14698: result: yes
configure:14708: checking for library containing pthread_join
configure:14739: gcc -o conftest -Wall -O3 -O3  conftest.c -llzma -lbz2  >&5
/tmp/cck6iksf.o: In function `main':
conftest.c:(.text.startup+0x7): undefined reference to `pthread_join'
collect2: error: ld returned 1 exit status
configure:14739: $? = 1
configure: failed program was:
| /* confdefs.h */
| #define PACKAGE_NAME "io_lib"
| #define PACKAGE_TARNAME "io_lib"
| #define PACKAGE_VERSION "1.14.9"
| #define PACKAGE_STRING "io_lib 1.14.9"
| #define PACKAGE_BUGREPORT ""
| #define PACKAGE_URL ""
| #define PACKAGE "io_lib"
| #define VERSION "1.14.9"
| #define STDC_HEADERS 1
| #define HAVE_SYS_TYPES_H 1
| #define HAVE_SYS_STAT_H 1
| #define HAVE_STDLIB_H 1
| #define HAVE_STRING_H 1
| #define HAVE_MEMORY_H 1
| #define HAVE_STRINGS_H 1
| #define HAVE_INTTYPES_H 1
| #define HAVE_STDINT_H 1
| #define HAVE_UNISTD_H 1
| #define HAVE_DLFCN_H 1
| #define LT_OBJDIR ".libs/"
| #define HAVE_LIBCURL 1
| #define LIBCURL_FEATURE_SSL 1
| #define LIBCURL_FEATURE_IPV6 1
| #define LIBCURL_FEATURE_UNIXSOCKETS 1
| #define LIBCURL_FEATURE_LIBZ 1
| #define LIBCURL_FEATURE_ASYNCHDNS 1
| #define LIBCURL_FEATURE_IDN 1
| #define LIBCURL_FEATURE_GSS_API 1
| #define LIBCURL_FEATURE_PSL 1
| #define LIBCURL_FEATURE_SPNEGO 1
| #define LIBCURL_FEATURE_KERBEROS 1
| #define LIBCURL_FEATURE_NTLM 1
| #define LIBCURL_FEATURE_NTLM_WB 1
| #define LIBCURL_FEATURE_TLS_SRP 1
| #define LIBCURL_FEATURE_HTTP2 1
| #define LIBCURL_FEATURE_HTTPS_PROXY 1
| #define LIBCURL_PROTOCOL_DICT 1
| #define LIBCURL_PROTOCOL_FILE 1
| #define LIBCURL_PROTOCOL_FTP 1
| #define LIBCURL_PROTOCOL_FTPS 1
| #define LIBCURL_PROTOCOL_GOPHER 1
| #define LIBCURL_PROTOCOL_HTTP 1
| #define LIBCURL_PROTOCOL_HTTPS 1
| #define LIBCURL_PROTOCOL_IMAP 1
| #define LIBCURL_PROTOCOL_IMAPS 1
| #define LIBCURL_PROTOCOL_LDAP 1
| #define LIBCURL_PROTOCOL_LDAPS 1
| #define LIBCURL_PROTOCOL_POP3 1
| #define LIBCURL_PROTOCOL_POP3S 1
| #define LIBCURL_PROTOCOL_RTMP 1
| #define LIBCURL_PROTOCOL_RTSP 1
| #define LIBCURL_PROTOCOL_SMB 1
| #define LIBCURL_PROTOCOL_SMBS 1
| #define LIBCURL_PROTOCOL_SMTP 1
| #define LIBCURL_PROTOCOL_SMTPS 1
| #define LIBCURL_PROTOCOL_TELNET 1
| #define LIBCURL_PROTOCOL_TFTP 1
| #define HAVE_ZLIB 1
| #define HAVE_LIBBZ2 1
| #define HAVE_LIBLZMA 1
| #define HAVE_VA_COPY 1
| #define STDC_HEADERS 1
| #define HAVE_SYS_WAIT_H 1
| #define HAVE_FCNTL_H 1
| #define HAVE_LIMITS_H 1
| #define HAVE_UNISTD_H 1
| #define HAVE_MALLOC_H 1
| #define SIZEOF_SHORT 2
| #define SIZEOF_INT 4
| #define SIZEOF_LONG 8
| #define IOLIB_CRC 1
| #define HAVE_FILENO 1
| #define HAVE_FSTAT 1
| #define HAVE_MALLOPT 1
| #define HAVE_FSEEKO 1
| #define HAVE_STDLIB_H 1
| #define HAVE_UNISTD_H 1
| #define HAVE_SYS_PARAM_H 1
| #define HAVE_GETPAGESIZE 1
| #define HAVE_MMAP 1
| /* end confdefs.h.  */
| 
| /* Override any GCC internal prototype to avoid an error.
|    Use char because int might match the return type of a GCC
|    builtin and then its argument prototype would still apply.  */
| #ifdef __cplusplus
| extern "C"
| #endif
| char pthread_join ();
| int
| main ()
| {
| return pthread_join ();
|   ;
|   return 0;
| }
configure:14739: gcc -o conftest -Wall -O3 -O3  conftest.c -lpthread  -llzma -lbz2  >&5
configure:14739: $? = 0
configure:14756: result: -lpthread
configure:14764: checking for library containing cos
configure:14795: gcc -o conftest -Wall -O3 -O3  conftest.c -lpthread -llzma -lbz2  >&5
conftest.c:90:6: warning: conflicting types for built-in function 'cos' [-Wbuiltin-declaration-mismatch]
 char cos ();
      ^~~
/tmp/ccodkzCd.o: In function `main':
conftest.c:(.text.startup+0x7): undefined reference to `cos'
collect2: error: ld returned 1 exit status
configure:14795: $? = 1
configure: failed program was:
| /* confdefs.h */
| #define PACKAGE_NAME "io_lib"
| #define PACKAGE_TARNAME "io_lib"
| #define PACKAGE_VERSION "1.14.9"
| #define PACKAGE_STRING "io_lib 1.14.9"
| #define PACKAGE_BUGREPORT ""
| #define PACKAGE_URL ""
| #define PACKAGE "io_lib"
| #define VERSION "1.14.9"
| #define STDC_HEADERS 1
| #define HAVE_SYS_TYPES_H 1
| #define HAVE_SYS_STAT_H 1
| #define HAVE_STDLIB_H 1
| #define HAVE_STRING_H 1
| #define HAVE_MEMORY_H 1
| #define HAVE_STRINGS_H 1
| #define HAVE_INTTYPES_H 1
| #define HAVE_STDINT_H 1
| #define HAVE_UNISTD_H 1
| #define HAVE_DLFCN_H 1
| #define LT_OBJDIR ".libs/"
| #define HAVE_LIBCURL 1
| #define LIBCURL_FEATURE_SSL 1
| #define LIBCURL_FEATURE_IPV6 1
| #define LIBCURL_FEATURE_UNIXSOCKETS 1
| #define LIBCURL_FEATURE_LIBZ 1
| #define LIBCURL_FEATURE_ASYNCHDNS 1
| #define LIBCURL_FEATURE_IDN 1
| #define LIBCURL_FEATURE_GSS_API 1
| #define LIBCURL_FEATURE_PSL 1
| #define LIBCURL_FEATURE_SPNEGO 1
| #define LIBCURL_FEATURE_KERBEROS 1
| #define LIBCURL_FEATURE_NTLM 1
| #define LIBCURL_FEATURE_NTLM_WB 1
| #define LIBCURL_FEATURE_TLS_SRP 1
| #define LIBCURL_FEATURE_HTTP2 1
| #define LIBCURL_FEATURE_HTTPS_PROXY 1
| #define LIBCURL_PROTOCOL_DICT 1
| #define LIBCURL_PROTOCOL_FILE 1
| #define LIBCURL_PROTOCOL_FTP 1
| #define LIBCURL_PROTOCOL_FTPS 1
| #define LIBCURL_PROTOCOL_GOPHER 1
| #define LIBCURL_PROTOCOL_HTTP 1
| #define LIBCURL_PROTOCOL_HTTPS 1
| #define LIBCURL_PROTOCOL_IMAP 1
| #define LIBCURL_PROTOCOL_IMAPS 1
| #define LIBCURL_PROTOCOL_LDAP 1
| #define LIBCURL_PROTOCOL_LDAPS 1
| #define LIBCURL_PROTOCOL_POP3 1
| #define LIBCURL_PROTOCOL_POP3S 1
| #define LIBCURL_PROTOCOL_RTMP 1
| #define LIBCURL_PROTOCOL_RTSP 1
| #define LIBCURL_PROTOCOL_SMB 1
| #define LIBCURL_PROTOCOL_SMBS 1
| #define LIBCURL_PROTOCOL_SMTP 1
| #define LIBCURL_PROTOCOL_SMTPS 1
| #define LIBCURL_PROTOCOL_TELNET 1
| #define LIBCURL_PROTOCOL_TFTP 1
| #define HAVE_ZLIB 1
| #define HAVE_LIBBZ2 1
| #define HAVE_LIBLZMA 1
| #define HAVE_VA_COPY 1
| #define STDC_HEADERS 1
| #define HAVE_SYS_WAIT_H 1
| #define HAVE_FCNTL_H 1
| #define HAVE_LIMITS_H 1
| #define HAVE_UNISTD_H 1
| #define HAVE_MALLOC_H 1
| #define SIZEOF_SHORT 2
| #define SIZEOF_INT 4
| #define SIZEOF_LONG 8
| #define IOLIB_CRC 1
| #define HAVE_FILENO 1
| #define HAVE_FSTAT 1
| #define HAVE_MALLOPT 1
| #define HAVE_FSEEKO 1
| #define HAVE_STDLIB_H 1
| #define HAVE_UNISTD_H 1
| #define HAVE_SYS_PARAM_H 1
| #define HAVE_GETPAGESIZE 1
| #define HAVE_MMAP 1
| /* end confdefs.h.  */
| 
| /* Override any GCC internal prototype to avoid an error.
|    Use char because int might match the return type of a GCC
|    builtin and then its argument prototype would still apply.  */
| #ifdef __cplusplus
| extern "C"
| #endif
| char cos ();
| int
| main ()
| {
| return cos ();
|   ;
|   return 0;
| }
configure:14795: gcc -o conftest -Wall -O3 -O3  conftest.c -lm  -lpthread -llzma -lbz2  >&5
conftest.c:90:6: warning: conflicting types for built-in function 'cos' [-Wbuiltin-declaration-mismatch]
 char cos ();
      ^~~
configure:14795: $? = 0
configure:14812: result: -lm
configure:14822: checking for strdup
configure:14822: gcc -o conftest -Wall -O3 -O3  conftest.c -lm -lpthread -llzma -lbz2  >&5
conftest.c:106:6: warning: conflicting types for built-in function 'strdup' [-Wbuiltin-declaration-mismatch]
 char strdup ();
      ^~~~~~
configure:14822: $? = 0
configure:14822: result: yes
configure:14833: checking for fsync
configure:14833: gcc -o conftest -Wall -O3 -O3  conftest.c -lm -lpthread -llzma -lbz2  >&5
configure:14833: $? = 0
configure:14833: result: yes
configure:14956: checking that generated files are newer than configure
configure:14962: result: done
configure:14994: creating ./config.status

## ---------------------- ##
## Running config.status. ##
## ---------------------- ##

This file was extended by io_lib config.status 1.14.9, which was
generated by GNU Autoconf 2.69.  Invocation command line was

  CONFIG_FILES    = 
  CONFIG_HEADERS  = 
  CONFIG_LINKS    = 
  CONFIG_COMMANDS = 
  $ ./config.status 

on mostafa-IdeaPad-U410

config.status:1166: creating Makefile
config.status:1166: creating io_lib/Makefile
config.status:1166: creating progs/Makefile
config.status:1166: creating tests/Makefile
config.status:1166: creating io_lib-config
config.status:1166: creating io_lib/os.h
config.status:1166: creating io_lib_config.h
config.status:1395: executing depfiles commands
config.status:1395: executing libtool commands

## ---------------- ##
## Cache variables. ##
## ---------------- ##

ac_cv_build=x86_64-pc-linux-gnu
ac_cv_c_bigendian=no
ac_cv_c_compiler_gnu=yes
ac_cv_c_inline=inline
ac_cv_env_CC_set=
ac_cv_env_CC_value=
ac_cv_env_CFLAGS_set=set
ac_cv_env_CFLAGS_value=-O3
ac_cv_env_CPPFLAGS_set=set
ac_cv_env_CPPFLAGS_value=-O3
ac_cv_env_CPP_set=
ac_cv_env_CPP_value=
ac_cv_env_LDFLAGS_set=
ac_cv_env_LDFLAGS_value=
ac_cv_env_LIBS_set=
ac_cv_env_LIBS_value=
ac_cv_env_LT_SYS_LIBRARY_PATH_set=
ac_cv_env_LT_SYS_LIBRARY_PATH_value=
ac_cv_env_build_alias_set=
ac_cv_env_build_alias_value=
ac_cv_env_host_alias_set=
ac_cv_env_host_alias_value=
ac_cv_env_target_alias_set=
ac_cv_env_target_alias_value=
ac_cv_func_curl_free=yes
ac_cv_func_fileno=yes
ac_cv_func_fstat=yes
ac_cv_func_fsync=yes
ac_cv_func_getpagesize=yes
ac_cv_func_mallopt=yes
ac_cv_func_mmap_fixed_mapped=yes
ac_cv_func_strdup=yes
ac_cv_header_dlfcn_h=yes
ac_cv_header_fcntl_h=yes
ac_cv_header_inttypes_h=yes
ac_cv_header_limits_h=yes
ac_cv_header_malloc_h=yes
ac_cv_header_memory_h=yes
ac_cv_header_stdc=yes
ac_cv_header_stdint_h=yes
ac_cv_header_stdio_ext_h=yes
ac_cv_header_stdlib_h=yes
ac_cv_header_string_h=yes
ac_cv_header_strings_h=yes
ac_cv_header_sys_param_h=yes
ac_cv_header_sys_stat_h=yes
ac_cv_header_sys_types_h=yes
ac_cv_header_sys_wait_h=yes
ac_cv_header_unistd_h=yes
ac_cv_header_zlib_h=yes
ac_cv_host=x86_64-pc-linux-gnu
ac_cv_lib_bz2_BZ2_bzBuffToBuffCompress=yes
ac_cv_lib_lzma_lzma_easy_buffer_encode=yes
ac_cv_lib_z_inflateEnd=yes
ac_cv_objext=o
ac_cv_path_EGREP='/bin/grep -E'
ac_cv_path_FGREP='/bin/grep -F'
ac_cv_path_GREP=/bin/grep
ac_cv_path_SED=/bin/sed
ac_cv_path__libcurl_config=/usr/bin/curl-config
ac_cv_path_install='/usr/bin/install -c'
ac_cv_path_lt_DD=/bin/dd
ac_cv_path_mkdir=/bin/mkdir
ac_cv_prog_AWK=gawk
ac_cv_prog_CPP='gcc -E'
ac_cv_prog_ac_ct_AR=ar
ac_cv_prog_ac_ct_CC=gcc
ac_cv_prog_ac_ct_MANIFEST_TOOL=mt
ac_cv_prog_ac_ct_OBJDUMP=objdump
ac_cv_prog_ac_ct_RANLIB=ranlib
ac_cv_prog_ac_ct_STRIP=strip
ac_cv_prog_cc_c89=
ac_cv_prog_cc_g=yes
ac_cv_prog_make_make_set=yes
ac_cv_search_cos=-lm
ac_cv_search_gethostbyname='none required'
ac_cv_search_pthread_join=-lpthread
ac_cv_search_socket='none required'
ac_cv_sizeof_int=4
ac_cv_sizeof_long=8
ac_cv_sizeof_short=2
ac_cv_sys_file_offset_bits=no
ac_cv_sys_largefile_CC=no
ac_cv_sys_largefile_source=no
ac_cv_type_mode_t=yes
am_cv_CC_dependencies_compiler_type=gcc3
am_cv_make_support_nested_variables=yes
am_cv_prog_cc_c_o=yes
libcurl_cv_lib_curl_only_needs_minus_l_curl=yes
libcurl_cv_lib_curl_usable=yes
libcurl_cv_lib_curl_version=7.58.0
lt_cv_ar_at_file=@
lt_cv_archive_cmds_need_lc=no
lt_cv_deplibs_check_method=pass_all
lt_cv_file_magic_cmd='$MAGIC_CMD'
lt_cv_file_magic_test_file=
lt_cv_ld_reload_flag=-r
lt_cv_nm_interface='BSD nm'
lt_cv_objdir=.libs
lt_cv_path_LD=/usr/bin/ld
lt_cv_path_NM='/usr/bin/nm -B'
lt_cv_path_mainfest_tool=no
lt_cv_prog_compiler_c_o=yes
lt_cv_prog_compiler_pic='-fPIC -DPIC'
lt_cv_prog_compiler_pic_works=yes
lt_cv_prog_compiler_rtti_exceptions=no
lt_cv_prog_compiler_static_works=yes
lt_cv_prog_gnu_ld=yes
lt_cv_sharedlib_from_linklib_cmd='printf %s\n'
lt_cv_shlibpath_overrides_runpath=yes
lt_cv_sys_global_symbol_pipe='sed -n -e '\''s/^.*[	 ]\([ABCDGIRSTW][ABCDGIRSTW]*\)[	 ][	 ]*\([_A-Za-z][_A-Za-z0-9]*\)$/\1 \2 \2/p'\'' | sed '\''/ __gnu_lto/d'\'''
lt_cv_sys_global_symbol_to_c_name_address='sed -n -e '\''s/^: \(.*\) .*$/  {"\1", (void *) 0},/p'\'' -e '\''s/^[ABCDGIRSTW][ABCDGIRSTW]* .* \(.*\)$/  {"\1", (void *) \&\1},/p'\'''
lt_cv_sys_global_symbol_to_c_name_address_lib_prefix='sed -n -e '\''s/^: \(.*\) .*$/  {"\1", (void *) 0},/p'\'' -e '\''s/^[ABCDGIRSTW][ABCDGIRSTW]* .* \(lib.*\)$/  {"\1", (void *) \&\1},/p'\'' -e '\''s/^[ABCDGIRSTW][ABCDGIRSTW]* .* \(.*\)$/  {"lib\1", (void *) \&\1},/p'\'''
lt_cv_sys_global_symbol_to_cdecl='sed -n -e '\''s/^T .* \(.*\)$/extern int \1();/p'\'' -e '\''s/^[ABCDGIRSTW][ABCDGIRSTW]* .* \(.*\)$/extern char \1;/p'\'''
lt_cv_sys_global_symbol_to_import=
lt_cv_sys_max_cmd_len=1572864
lt_cv_to_host_file_cmd=func_convert_file_noop
lt_cv_to_tool_file_cmd=func_convert_file_noop
lt_cv_truncate_bin='/bin/dd bs=4096 count=1'
vl_cv_prog_cc_warnings=-Wall

## ----------------- ##
## Output variables. ##
## ----------------- ##

ACLOCAL='${SHELL} /home/mostafa/Documents/SHGP/icram/ioncram-2.2/src/io_lib/missing aclocal-1.15'
AMDEPBACKSLASH='\'
AMDEP_FALSE='#'
AMDEP_TRUE=''
AMTAR='$${TAR-tar}'
AM_BACKSLASH='\'
AM_DEFAULT_V='$(AM_DEFAULT_VERBOSITY)'
AM_DEFAULT_VERBOSITY='1'
AM_V='$(V)'
AR='ar'
AUTOCONF='${SHELL} /home/mostafa/Documents/SHGP/icram/ioncram-2.2/src/io_lib/missing autoconf'
AUTOHEADER='${SHELL} /home/mostafa/Documents/SHGP/icram/ioncram-2.2/src/io_lib/missing autoheader'
AUTOMAKE='${SHELL} /home/mostafa/Documents/SHGP/icram/ioncram-2.2/src/io_lib/missing automake-1.15'
AWK='gawk'
CC='gcc'
CCDEPMODE='depmode=gcc3'
CFLAGS='-Wall -O3'
CPP='gcc -E'
CPPFLAGS='-O3'
CYGPATH_W='echo'
DEFS='-DHAVE_CONFIG_H'
DEPDIR='.deps'
DLLTOOL='false'
DSYMUTIL=''
DUMPBIN=''
ECHO_C=''
ECHO_N='-n'
ECHO_T=''
EGREP='/bin/grep -E'
EXEEXT=''
FGREP='/bin/grep -F'
GREP='/bin/grep'
HAVE_ZLIB_FALSE='#'
HAVE_ZLIB_TRUE=''
INSTALL_DATA='${INSTALL} -m 644'
INSTALL_PROGRAM='${INSTALL}'
INSTALL_SCRIPT='${INSTALL}'
INSTALL_STRIP_PROGRAM='$(install_sh) -c -s'
LD='/usr/bin/ld -m elf_x86_64'
LDFLAGS=''
LIBCURL=' -lcurl'
LIBCURL_CPPFLAGS=''
LIBOBJS=''
LIBS='-lm -lpthread -llzma -lbz2 '
LIBTOOL='$(SHELL) $(top_builddir)/libtool'
LIBZ='-lz'
LIPO=''
LN_S='ln -s'
LTLIBOBJS=''
LT_SYS_LIBRARY_PATH=''
MAINT='#'
MAINTAINER_MODE_FALSE=''
MAINTAINER_MODE_TRUE='#'
MAKEINFO='${SHELL} /home/mostafa/Documents/SHGP/icram/ioncram-2.2/src/io_lib/missing makeinfo'
MANIFEST_TOOL=':'
MKDIR_P='/bin/mkdir -p'
NM='/usr/bin/nm -B'
NMEDIT=''
OBJDUMP='objdump'
OBJEXT='o'
OTOOL64=''
OTOOL=''
PACKAGE='io_lib'
PACKAGE_BUGREPORT=''
PACKAGE_NAME='io_lib'
PACKAGE_STRING='io_lib 1.14.9'
PACKAGE_TARNAME='io_lib'
PACKAGE_URL=''
PACKAGE_VERSION='1.14.9'
PATH_SEPARATOR=':'
RANLIB='ranlib'
SED='/bin/sed'
SET_CRAM_IO_CUSTOM_BUFFERING='#define CRAM_IO_CUSTOM_BUFFERING'
SET_ENDIAN='#define SP_LITTLE_ENDIAN'
SET_MAKE=''
SET_STDIO_EXT='#define HAVE_STDIO_EXT_H'
SHELL='/bin/bash'
STRIP='strip'
VERSION='1.14.9'
VERS_AGE='1'
VERS_CURRENT='12'
VERS_REVISION='0'
_libcurl_config=''
ac_ct_AR='ar'
ac_ct_CC='gcc'
ac_ct_DUMPBIN=''
am__EXEEXT_FALSE=''
am__EXEEXT_TRUE='#'
am__fastdepCC_FALSE='#'
am__fastdepCC_TRUE=''
am__include='include'
am__isrc=''
am__leading_dot='.'
am__nodep='_no'
am__quote=''
am__tar='$${TAR-tar} chof - "$$tardir"'
am__untar='$${TAR-tar} xf -'
bindir='${exec_prefix}/bin'
build='x86_64-pc-linux-gnu'
build_alias=''
build_cpu='x86_64'
build_os='linux-gnu'
build_vendor='pc'
datadir='${datarootdir}'
datarootdir='${prefix}/share'
docdir='${datarootdir}/doc/${PACKAGE_TARNAME}'
dvidir='${docdir}'
exec_prefix='${prefix}'
host='x86_64-pc-linux-gnu'
host_alias=''
host_cpu='x86_64'
host_os='linux-gnu'
host_vendor='pc'
htmldir='${docdir}'
includedir='${prefix}/include'
infodir='${datarootdir}/info'
install_sh='${SHELL} /home/mostafa/Documents/SHGP/icram/ioncram-2.2/src/io_lib/install-sh'
libdir='${exec_prefix}/lib'
libexecdir='${exec_prefix}/libexec'
localedir='${datarootdir}/locale'
localstatedir='${prefix}/var'
mandir='${datarootdir}/man'
mkdir_p='$(MKDIR_P)'
oldincludedir='/usr/include'
pdfdir='${docdir}'
prefix='/home/mostafa/Documents/SHGP/icram/ioncram-2.2/src/io_lib//build'
program_transform_name='s,x,x,'
psdir='${docdir}'
runstatedir='${localstatedir}/run'
sbindir='${exec_prefix}/sbin'
sharedstatedir='${prefix}/com'
sysconfdir='${prefix}/etc'
target_alias=''

## ----------- ##
## confdefs.h. ##
## ----------- ##

/* confdefs.h */
#define PACKAGE_NAME "io_lib"
#define PACKAGE_TARNAME "io_lib"
#define PACKAGE_VERSION "1.14.9"
#define PACKAGE_STRING "io_lib 1.14.9"
#define PACKAGE_BUGREPORT ""
#define PACKAGE_URL ""
#define PACKAGE "io_lib"
#define VERSION "1.14.9"
#define STDC_HEADERS 1
#define HAVE_SYS_TYPES_H 1
#define HAVE_SYS_STAT_H 1
#define HAVE_STDLIB_H 1
#define HAVE_STRING_H 1
#define HAVE_MEMORY_H 1
#define HAVE_STRINGS_H 1
#define HAVE_INTTYPES_H 1
#define HAVE_STDINT_H 1
#define HAVE_UNISTD_H 1
#define HAVE_DLFCN_H 1
#define LT_OBJDIR ".libs/"
#define HAVE_LIBCURL 1
#define LIBCURL_FEATURE_SSL 1
#define LIBCURL_FEATURE_IPV6 1
#define LIBCURL_FEATURE_UNIXSOCKETS 1
#define LIBCURL_FEATURE_LIBZ 1
#define LIBCURL_FEATURE_ASYNCHDNS 1
#define LIBCURL_FEATURE_IDN 1
#define LIBCURL_FEATURE_GSS_API 1
#define LIBCURL_FEATURE_PSL 1
#define LIBCURL_FEATURE_SPNEGO 1
#define LIBCURL_FEATURE_KERBEROS 1
#define LIBCURL_FEATURE_NTLM 1
#define LIBCURL_FEATURE_NTLM_WB 1
#define LIBCURL_FEATURE_TLS_SRP 1
#define LIBCURL_FEATURE_HTTP2 1
#define LIBCURL_FEATURE_HTTPS_PROXY 1
#define LIBCURL_PROTOCOL_DICT 1
#define LIBCURL_PROTOCOL_FILE 1
#define LIBCURL_PROTOCOL_FTP 1
#define LIBCURL_PROTOCOL_FTPS 1
#define LIBCURL_PROTOCOL_GOPHER 1
#define LIBCURL_PROTOCOL_HTTP 1
#define LIBCURL_PROTOCOL_HTTPS 1
#define LIBCURL_PROTOCOL_IMAP 1
#define LIBCURL_PROTOCOL_IMAPS 1
#define LIBCURL_PROTOCOL_LDAP 1
#define LIBCURL_PROTOCOL_LDAPS 1
#define LIBCURL_PROTOCOL_POP3 1
#define LIBCURL_PROTOCOL_POP3S 1
#define LIBCURL_PROTOCOL_RTMP 1
#define LIBCURL_PROTOCOL_RTSP 1
#define LIBCURL_PROTOCOL_SMB 1
#define LIBCURL_PROTOCOL_SMBS 1
#define LIBCURL_PROTOCOL_SMTP 1
#define LIBCURL_PROTOCOL_SMTPS 1
#define LIBCURL_PROTOCOL_TELNET 1
#define LIBCURL_PROTOCOL_TFTP 1
#define HAVE_ZLIB 1
#define HAVE_LIBBZ2 1
#define HAVE_LIBLZMA 1
#define HAVE_VA_COPY 1
#define STDC_HEADERS 1
#define HAVE_SYS_WAIT_H 1
#define HAVE_FCNTL_H 1
#define HAVE_LIMITS_H 1
#define HAVE_UNISTD_H 1
#define HAVE_MALLOC_H 1
#define SIZEOF_SHORT 2
#define SIZEOF_INT 4
#define SIZEOF_LONG 8
#define IOLIB_CRC 1
#define HAVE_FILENO 1
#define HAVE_FSTAT 1
#define HAVE_MALLOPT 1
#define HAVE_FSEEKO 1
#define HAVE_STDLIB_H 1
#define HAVE_UNISTD_H 1
#define HAVE_SYS_PARAM_H 1
#define HAVE_GETPAGESIZE 1
#define HAVE_MMAP 1
#define HAVE_STRDUP 1
#define HAVE_FSYNC 1

configure: exit 0
